<?xml version="1.0" encoding="UTF-8"?>
<testsuite name="com.bebo.shopmanager.HttpRequestTest" tests="7" skipped="0" failures="0" errors="0" timestamp="2017-05-31T04:15:09" hostname="Abhishek-office" time="1.218">
  <properties/>
  <testcase name="createManagerForError" classname="com.bebo.shopmanager.HttpRequestTest" time="0.247"/>
  <testcase name="createManager" classname="com.bebo.shopmanager.HttpRequestTest" time="0.044"/>
  <testcase name="createShopSameNameException" classname="com.bebo.shopmanager.HttpRequestTest" time="0.024"/>
  <testcase name="nearbyshops" classname="com.bebo.shopmanager.HttpRequestTest" time="0.025"/>
  <testcase name="createShop" classname="com.bebo.shopmanager.HttpRequestTest" time="0.822"/>
  <testcase name="greetingShouldReturnDefaultMessage" classname="com.bebo.shopmanager.HttpRequestTest" time="0.013"/>
  <testcase name="getManager" classname="com.bebo.shopmanager.HttpRequestTest" time="0.03"/>
  <system-out><![CDATA[09:45:03.356 [Test worker] DEBUG org.springframework.test.context.junit4.SpringJUnit4ClassRunner - SpringJUnit4ClassRunner constructor called with [class com.bebo.shopmanager.HttpRequestTest]
09:45:03.362 [Test worker] DEBUG org.springframework.test.context.BootstrapUtils - Instantiating CacheAwareContextLoaderDelegate from class [org.springframework.test.context.cache.DefaultCacheAwareContextLoaderDelegate]
09:45:03.369 [Test worker] DEBUG org.springframework.test.context.BootstrapUtils - Instantiating BootstrapContext using constructor [public org.springframework.test.context.support.DefaultBootstrapContext(java.lang.Class,org.springframework.test.context.CacheAwareContextLoaderDelegate)]
09:45:03.384 [Test worker] DEBUG org.springframework.test.context.BootstrapUtils - Instantiating TestContextBootstrapper for test class [com.bebo.shopmanager.HttpRequestTest] from class [org.springframework.boot.test.context.SpringBootTestContextBootstrapper]
09:45:03.395 [Test worker] INFO org.springframework.boot.test.context.SpringBootTestContextBootstrapper - Neither @ContextConfiguration nor @ContextHierarchy found for test class [com.bebo.shopmanager.HttpRequestTest], using SpringBootContextLoader
09:45:03.398 [Test worker] DEBUG org.springframework.test.context.support.AbstractContextLoader - Did not detect default resource location for test class [com.bebo.shopmanager.HttpRequestTest]: class path resource [com/bebo/shopmanager/HttpRequestTest-context.xml] does not exist
09:45:03.398 [Test worker] DEBUG org.springframework.test.context.support.AbstractContextLoader - Did not detect default resource location for test class [com.bebo.shopmanager.HttpRequestTest]: class path resource [com/bebo/shopmanager/HttpRequestTestContext.groovy] does not exist
09:45:03.399 [Test worker] INFO org.springframework.test.context.support.AbstractContextLoader - Could not detect default resource locations for test class [com.bebo.shopmanager.HttpRequestTest]: no resource found for suffixes {-context.xml, Context.groovy}.
09:45:03.399 [Test worker] INFO org.springframework.test.context.support.AnnotationConfigContextLoaderUtils - Could not detect default configuration classes for test class [com.bebo.shopmanager.HttpRequestTest]: HttpRequestTest does not declare any static, non-private, non-final, nested classes annotated with @Configuration.
09:45:03.453 [Test worker] DEBUG org.springframework.test.context.support.ActiveProfilesUtils - Could not find an 'annotation declaring class' for annotation type [org.springframework.test.context.ActiveProfiles] and class [com.bebo.shopmanager.HttpRequestTest]
09:45:03.460 [Test worker] DEBUG org.springframework.core.env.StandardEnvironment - Adding [systemProperties] PropertySource with lowest search precedence
09:45:03.461 [Test worker] DEBUG org.springframework.core.env.StandardEnvironment - Adding [systemEnvironment] PropertySource with lowest search precedence
09:45:03.461 [Test worker] DEBUG org.springframework.core.env.StandardEnvironment - Initialized StandardEnvironment with PropertySources [systemProperties,systemEnvironment]
09:45:03.469 [Test worker] DEBUG org.springframework.core.io.support.PathMatchingResourcePatternResolver - Resolved classpath location [com/bebo/shopmanager/] to resources [URL [file:/home/abhi/workspace/ShopManager/build/classes/test/com/bebo/shopmanager/], URL [file:/home/abhi/workspace/ShopManager/build/classes/main/com/bebo/shopmanager/]]
09:45:03.470 [Test worker] DEBUG org.springframework.core.io.support.PathMatchingResourcePatternResolver - Looking for matching resources in directory tree [/home/abhi/workspace/ShopManager/build/classes/test/com/bebo/shopmanager]
09:45:03.470 [Test worker] DEBUG org.springframework.core.io.support.PathMatchingResourcePatternResolver - Searching directory [/home/abhi/workspace/ShopManager/build/classes/test/com/bebo/shopmanager] for files matching pattern [/home/abhi/workspace/ShopManager/build/classes/test/com/bebo/shopmanager/*.class]
09:45:03.473 [Test worker] DEBUG org.springframework.core.io.support.PathMatchingResourcePatternResolver - Looking for matching resources in directory tree [/home/abhi/workspace/ShopManager/build/classes/main/com/bebo/shopmanager]
09:45:03.473 [Test worker] DEBUG org.springframework.core.io.support.PathMatchingResourcePatternResolver - Searching directory [/home/abhi/workspace/ShopManager/build/classes/main/com/bebo/shopmanager] for files matching pattern [/home/abhi/workspace/ShopManager/build/classes/main/com/bebo/shopmanager/*.class]
09:45:03.474 [Test worker] DEBUG org.springframework.core.io.support.PathMatchingResourcePatternResolver - Resolved location pattern [classpath*:com/bebo/shopmanager/*.class] to resources [file [/home/abhi/workspace/ShopManager/build/classes/test/com/bebo/shopmanager/HttpRequestTest.class], file [/home/abhi/workspace/ShopManager/build/classes/test/com/bebo/shopmanager/ShopManagerRestTestClient.class], file [/home/abhi/workspace/ShopManager/build/classes/main/com/bebo/shopmanager/ShopmanagerRestApi.class]]
09:45:03.523 [Test worker] DEBUG org.springframework.context.annotation.ClassPathScanningCandidateComponentProvider - Identified candidate component class: file [/home/abhi/workspace/ShopManager/build/classes/main/com/bebo/shopmanager/ShopmanagerRestApi.class]
09:45:03.524 [Test worker] INFO org.springframework.boot.test.context.SpringBootTestContextBootstrapper - Found @SpringBootConfiguration com.bebo.shopmanager.ShopmanagerRestApi for test class com.bebo.shopmanager.HttpRequestTest
09:45:03.526 [Test worker] DEBUG org.springframework.boot.test.context.SpringBootTestContextBootstrapper - @TestExecutionListeners is not present for class [com.bebo.shopmanager.HttpRequestTest]: using defaults.
09:45:03.531 [Test worker] INFO org.springframework.boot.test.context.SpringBootTestContextBootstrapper - Loaded default TestExecutionListener class names from location [META-INF/spring.factories]: [org.springframework.boot.test.mock.mockito.MockitoTestExecutionListener, org.springframework.boot.test.mock.mockito.ResetMocksTestExecutionListener, org.springframework.boot.test.autoconfigure.restdocs.RestDocsTestExecutionListener, org.springframework.boot.test.autoconfigure.web.client.MockRestServiceServerResetTestExecutionListener, org.springframework.boot.test.autoconfigure.web.servlet.MockMvcPrintOnlyOnFailureTestExecutionListener, org.springframework.boot.test.autoconfigure.web.servlet.WebDriverTestExecutionListener, org.springframework.test.context.web.ServletTestExecutionListener, org.springframework.test.context.support.DirtiesContextBeforeModesTestExecutionListener, org.springframework.test.context.support.DependencyInjectionTestExecutionListener, org.springframework.test.context.support.DirtiesContextTestExecutionListener, org.springframework.test.context.transaction.TransactionalTestExecutionListener, org.springframework.test.context.jdbc.SqlScriptsTestExecutionListener]
09:45:03.548 [Test worker] INFO org.springframework.boot.test.context.SpringBootTestContextBootstrapper - Using TestExecutionListeners: [org.springframework.test.context.web.ServletTestExecutionListener@2e5d5c86, org.springframework.test.context.support.DirtiesContextBeforeModesTestExecutionListener@38fb4712, org.springframework.boot.test.autoconfigure.SpringBootDependencyInjectionTestExecutionListener@196282a1, org.springframework.test.context.support.DirtiesContextTestExecutionListener@224775ac, org.springframework.test.context.transaction.TransactionalTestExecutionListener@66bab40e, org.springframework.test.context.jdbc.SqlScriptsTestExecutionListener@49bbc1c, org.springframework.boot.test.autoconfigure.web.servlet.MockMvcPrintOnlyOnFailureTestExecutionListener@96141a4, org.springframework.boot.test.autoconfigure.restdocs.RestDocsTestExecutionListener@1012af31, org.springframework.boot.test.autoconfigure.web.client.MockRestServiceServerResetTestExecutionListener@233b73f9, org.springframework.boot.test.autoconfigure.web.servlet.WebDriverTestExecutionListener@7a9950de, org.springframework.boot.test.mock.mockito.MockitoTestExecutionListener@79764248, org.springframework.boot.test.mock.mockito.ResetMocksTestExecutionListener@7c980170]
09:45:03.551 [Test worker] DEBUG org.springframework.test.annotation.ProfileValueUtils - Retrieved @ProfileValueSourceConfiguration [null] for test class [com.bebo.shopmanager.HttpRequestTest]
09:45:03.552 [Test worker] DEBUG org.springframework.test.annotation.ProfileValueUtils - Retrieved ProfileValueSource type [class org.springframework.test.annotation.SystemProfileValueSource] for class [com.bebo.shopmanager.HttpRequestTest]
09:45:03.552 [Test worker] DEBUG org.springframework.test.annotation.ProfileValueUtils - Retrieved @ProfileValueSourceConfiguration [null] for test class [com.bebo.shopmanager.HttpRequestTest]
09:45:03.552 [Test worker] DEBUG org.springframework.test.annotation.ProfileValueUtils - Retrieved ProfileValueSource type [class org.springframework.test.annotation.SystemProfileValueSource] for class [com.bebo.shopmanager.HttpRequestTest]
09:45:03.556 [Test worker] DEBUG org.springframework.test.context.support.AbstractDirtiesContextTestExecutionListener - Before test class: context [DefaultTestContext@159df287 testClass = HttpRequestTest, testInstance = [null], testMethod = [null], testException = [null], mergedContextConfiguration = [WebMergedContextConfiguration@36d44609 testClass = HttpRequestTest, locations = '{}', classes = '{class com.bebo.shopmanager.ShopmanagerRestApi}', contextInitializerClasses = '[]', activeProfiles = '{}', propertySourceLocations = '{}', propertySourceProperties = '{org.springframework.boot.test.context.SpringBootTestContextBootstrapper=true, server.port=0}', contextCustomizers = set[org.springframework.boot.test.context.SpringBootTestContextCustomizer@51d4d75a, org.springframework.boot.test.context.filter.ExcludeFilterContextCustomizer@20935433, org.springframework.boot.test.mock.mockito.MockitoContextCustomizer@0, org.springframework.boot.test.autoconfigure.properties.PropertyMappingContextCustomizer@0, org.springframework.boot.test.autoconfigure.web.servlet.WebDriverContextCustomizerFactory$Customizer@282a941e], resourceBasePath = 'src/main/webapp', contextLoader = 'org.springframework.boot.test.context.SpringBootContextLoader', parent = [null]]], class annotated with @DirtiesContext [false] with mode [null].
09:45:03.557 [Test worker] DEBUG org.springframework.test.annotation.ProfileValueUtils - Retrieved @ProfileValueSourceConfiguration [null] for test class [com.bebo.shopmanager.HttpRequestTest]
09:45:03.557 [Test worker] DEBUG org.springframework.test.annotation.ProfileValueUtils - Retrieved ProfileValueSource type [class org.springframework.test.annotation.SystemProfileValueSource] for class [com.bebo.shopmanager.HttpRequestTest]
09:45:03.558 [Test worker] DEBUG org.springframework.test.context.support.DependencyInjectionTestExecutionListener - Performing dependency injection for test context [[DefaultTestContext@159df287 testClass = HttpRequestTest, testInstance = com.bebo.shopmanager.HttpRequestTest@6d3db93a, testMethod = [null], testException = [null], mergedContextConfiguration = [WebMergedContextConfiguration@36d44609 testClass = HttpRequestTest, locations = '{}', classes = '{class com.bebo.shopmanager.ShopmanagerRestApi}', contextInitializerClasses = '[]', activeProfiles = '{}', propertySourceLocations = '{}', propertySourceProperties = '{org.springframework.boot.test.context.SpringBootTestContextBootstrapper=true, server.port=0}', contextCustomizers = set[org.springframework.boot.test.context.SpringBootTestContextCustomizer@51d4d75a, org.springframework.boot.test.context.filter.ExcludeFilterContextCustomizer@20935433, org.springframework.boot.test.mock.mockito.MockitoContextCustomizer@0, org.springframework.boot.test.autoconfigure.properties.PropertyMappingContextCustomizer@0, org.springframework.boot.test.autoconfigure.web.servlet.WebDriverContextCustomizerFactory$Customizer@282a941e], resourceBasePath = 'src/main/webapp', contextLoader = 'org.springframework.boot.test.context.SpringBootContextLoader', parent = [null]]]].
09:45:03.617 [Test worker] DEBUG org.springframework.core.env.StandardEnvironment - Adding [systemProperties] PropertySource with lowest search precedence
09:45:03.617 [Test worker] DEBUG org.springframework.core.env.StandardEnvironment - Adding [systemEnvironment] PropertySource with lowest search precedence
09:45:03.617 [Test worker] DEBUG org.springframework.core.env.StandardEnvironment - Initialized StandardEnvironment with PropertySources [systemProperties,systemEnvironment]
09:45:03.618 [Test worker] DEBUG org.springframework.test.context.support.TestPropertySourceUtils - Adding inlined properties to environment: {spring.jmx.enabled=false, org.springframework.boot.test.context.SpringBootTestContextBootstrapper=true, server.port=0}
09:45:03.618 [Test worker] DEBUG org.springframework.core.env.StandardEnvironment - Adding [Inlined Test Properties] PropertySource with highest search precedence

  .   ____          _            __ _ _
 /\\ / ___'_ __ _ _(_)_ __  __ _ \ \ \ \
( ( )\___ | '_ | '_| | '_ \/ _` | \ \ \ \
 \\/  ___)| |_)| | | | | || (_| |  ) ) ) )
  '  |____| .__|_| |_|_| |_\__, | / / / /
 =========|_|==============|___/=/_/_/_/
 :: Spring Boot ::        (v1.5.3.RELEASE)

2017-05-31 09:45:03.924  INFO 8251 --- [    Test worker] com.bebo.shopmanager.HttpRequestTest     : Starting HttpRequestTest on Abhishek-office with PID 8251 (started by abhi in /home/abhi/workspace/ShopManager)
2017-05-31 09:45:03.926  INFO 8251 --- [    Test worker] com.bebo.shopmanager.HttpRequestTest     : No active profile set, falling back to default profiles: default
2017-05-31 09:45:03.968  INFO 8251 --- [    Test worker] ationConfigEmbeddedWebApplicationContext : Refreshing org.springframework.boot.context.embedded.AnnotationConfigEmbeddedWebApplicationContext@3235d1e3: startup date [Wed May 31 09:45:03 IST 2017]; root of context hierarchy
2017-05-31 09:45:05.751  INFO 8251 --- [    Test worker] s.b.c.e.t.TomcatEmbeddedServletContainer : Tomcat initialized with port(s): 0 (http)
2017-05-31 09:45:05.763  INFO 8251 --- [    Test worker] o.apache.catalina.core.StandardService   : Starting service Tomcat
2017-05-31 09:45:05.765  INFO 8251 --- [    Test worker] org.apache.catalina.core.StandardEngine  : Starting Servlet Engine: Apache Tomcat/8.5.14
2017-05-31 09:45:05.861  INFO 8251 --- [ost-startStop-1] o.a.c.c.C.[.[.[/ShopmanagerRestApi]      : Initializing Spring embedded WebApplicationContext
2017-05-31 09:45:05.861  INFO 8251 --- [ost-startStop-1] o.s.web.context.ContextLoader            : Root WebApplicationContext: initialization completed in 1895 ms
2017-05-31 09:45:06.059  INFO 8251 --- [ost-startStop-1] o.s.b.w.servlet.ServletRegistrationBean  : Mapping servlet: 'dispatcherServlet' to [/]
2017-05-31 09:45:06.063  INFO 8251 --- [ost-startStop-1] o.s.b.w.servlet.FilterRegistrationBean   : Mapping filter: 'metricsFilter' to: [/*]
2017-05-31 09:45:06.063  INFO 8251 --- [ost-startStop-1] o.s.b.w.servlet.FilterRegistrationBean   : Mapping filter: 'characterEncodingFilter' to: [/*]
2017-05-31 09:45:06.064  INFO 8251 --- [ost-startStop-1] o.s.b.w.servlet.FilterRegistrationBean   : Mapping filter: 'hiddenHttpMethodFilter' to: [/*]
2017-05-31 09:45:06.064  INFO 8251 --- [ost-startStop-1] o.s.b.w.servlet.FilterRegistrationBean   : Mapping filter: 'httpPutFormContentFilter' to: [/*]
2017-05-31 09:45:06.064  INFO 8251 --- [ost-startStop-1] o.s.b.w.servlet.FilterRegistrationBean   : Mapping filter: 'requestContextFilter' to: [/*]
2017-05-31 09:45:06.064  INFO 8251 --- [ost-startStop-1] o.s.b.w.servlet.FilterRegistrationBean   : Mapping filter: 'webRequestLoggingFilter' to: [/*]
2017-05-31 09:45:06.065  INFO 8251 --- [ost-startStop-1] o.s.b.w.servlet.FilterRegistrationBean   : Mapping filter: 'applicationContextIdFilter' to: [/*]
2017-05-31 09:45:06.549  INFO 8251 --- [    Test worker] j.LocalContainerEntityManagerFactoryBean : Building JPA container EntityManagerFactory for persistence unit 'default'
2017-05-31 09:45:06.569  INFO 8251 --- [    Test worker] o.hibernate.jpa.internal.util.LogHelper  : HHH000204: Processing PersistenceUnitInfo [
	name: default
	...]
2017-05-31 09:45:06.635  INFO 8251 --- [    Test worker] org.hibernate.Version                    : HHH000412: Hibernate Core {5.0.12.Final}
2017-05-31 09:45:06.637  INFO 8251 --- [    Test worker] org.hibernate.cfg.Environment            : HHH000206: hibernate.properties not found
2017-05-31 09:45:06.638  INFO 8251 --- [    Test worker] org.hibernate.cfg.Environment            : HHH000021: Bytecode provider name : javassist
2017-05-31 09:45:06.670  INFO 8251 --- [    Test worker] o.hibernate.annotations.common.Version   : HCANN000001: Hibernate Commons Annotations {5.0.1.Final}
2017-05-31 09:45:06.753  INFO 8251 --- [    Test worker] org.hibernate.dialect.Dialect            : HHH000400: Using dialect: org.hibernate.dialect.H2Dialect
2017-05-31 09:45:07.248  INFO 8251 --- [    Test worker] org.hibernate.tool.hbm2ddl.SchemaExport  : HHH000227: Running hbm2ddl schema export
2017-05-31 09:45:07.285  INFO 8251 --- [    Test worker] org.hibernate.tool.hbm2ddl.SchemaExport  : HHH000230: Schema export complete
2017-05-31 09:45:07.330  INFO 8251 --- [    Test worker] j.LocalContainerEntityManagerFactoryBean : Initialized JPA EntityManagerFactory for persistence unit 'default'
2017-05-31 09:45:08.134  INFO 8251 --- [    Test worker] s.w.s.m.m.a.RequestMappingHandlerAdapter : Looking for @ControllerAdvice: org.springframework.boot.context.embedded.AnnotationConfigEmbeddedWebApplicationContext@3235d1e3: startup date [Wed May 31 09:45:03 IST 2017]; root of context hierarchy
2017-05-31 09:45:08.210  INFO 8251 --- [    Test worker] s.w.s.m.m.a.RequestMappingHandlerMapping : Mapped "{[/api/manager/{username}],methods=[GET]}" onto public org.springframework.http.ResponseEntity<?> com.bebo.shopmanager.controller.RestApiController.getManager(java.lang.String)
2017-05-31 09:45:08.212  INFO 8251 --- [    Test worker] s.w.s.m.m.a.RequestMappingHandlerMapping : Mapped "{[/api/manager/],methods=[POST]}" onto public org.springframework.http.ResponseEntity<?> com.bebo.shopmanager.controller.RestApiController.createManager(com.bebo.shopmanager.dto.ManagerDTO,org.springframework.web.util.UriComponentsBuilder)
2017-05-31 09:45:08.212  INFO 8251 --- [    Test worker] s.w.s.m.m.a.RequestMappingHandlerMapping : Mapped "{[/api/shop/{force}],methods=[POST]}" onto public org.springframework.http.ResponseEntity<?> com.bebo.shopmanager.controller.RestApiController.createShop(boolean,com.bebo.shopmanager.dto.ShopDTO,org.springframework.web.util.UriComponentsBuilder)
2017-05-31 09:45:08.213  INFO 8251 --- [    Test worker] s.w.s.m.m.a.RequestMappingHandlerMapping : Mapped "{[/api/manager/],methods=[GET]}" onto public org.springframework.http.ResponseEntity<java.util.List<com.bebo.shopmanager.dto.ManagerDTO>> com.bebo.shopmanager.controller.RestApiController.listAllManagers()
2017-05-31 09:45:08.214  INFO 8251 --- [    Test worker] s.w.s.m.m.a.RequestMappingHandlerMapping : Mapped "{[/api/nearby/],methods=[POST]}" onto public org.springframework.http.ResponseEntity<?> com.bebo.shopmanager.controller.RestApiController.findShops(com.bebo.shopmanager.dto.Position,org.springframework.web.util.UriComponentsBuilder)
2017-05-31 09:45:08.215  INFO 8251 --- [    Test worker] s.w.s.m.m.a.RequestMappingHandlerMapping : Mapped "{[/api/user/],methods=[GET]}" onto public org.springframework.http.ResponseEntity<java.util.List<com.bebo.shopmanager.dto.User>> com.bebo.shopmanager.controller.RestApiController.listAllUsers()
2017-05-31 09:45:08.215  INFO 8251 --- [    Test worker] s.w.s.m.m.a.RequestMappingHandlerMapping : Mapped "{[/api/user/{id}],methods=[GET]}" onto public org.springframework.http.ResponseEntity<?> com.bebo.shopmanager.controller.RestApiController.getUser(long)
2017-05-31 09:45:08.216  INFO 8251 --- [    Test worker] s.w.s.m.m.a.RequestMappingHandlerMapping : Mapped "{[/api/user/],methods=[POST]}" onto public org.springframework.http.ResponseEntity<?> com.bebo.shopmanager.controller.RestApiController.createUser(com.bebo.shopmanager.dto.User,org.springframework.web.util.UriComponentsBuilder)
2017-05-31 09:45:08.217  INFO 8251 --- [    Test worker] s.w.s.m.m.a.RequestMappingHandlerMapping : Mapped "{[/api/user/{id}],methods=[PUT]}" onto public org.springframework.http.ResponseEntity<?> com.bebo.shopmanager.controller.RestApiController.updateUser(long,com.bebo.shopmanager.dto.User)
2017-05-31 09:45:08.218  INFO 8251 --- [    Test worker] s.w.s.m.m.a.RequestMappingHandlerMapping : Mapped "{[/api/user/{id}],methods=[DELETE]}" onto public org.springframework.http.ResponseEntity<?> com.bebo.shopmanager.controller.RestApiController.deleteUser(long)
2017-05-31 09:45:08.219  INFO 8251 --- [    Test worker] s.w.s.m.m.a.RequestMappingHandlerMapping : Mapped "{[/api/user/],methods=[DELETE]}" onto public org.springframework.http.ResponseEntity<com.bebo.shopmanager.dto.User> com.bebo.shopmanager.controller.RestApiController.deleteAllUsers()
2017-05-31 09:45:08.221  INFO 8251 --- [    Test worker] s.w.s.m.m.a.RequestMappingHandlerMapping : Mapped "{[/error],produces=[text/html]}" onto public org.springframework.web.servlet.ModelAndView org.springframework.boot.autoconfigure.web.BasicErrorController.errorHtml(javax.servlet.http.HttpServletRequest,javax.servlet.http.HttpServletResponse)
2017-05-31 09:45:08.222  INFO 8251 --- [    Test worker] s.w.s.m.m.a.RequestMappingHandlerMapping : Mapped "{[/error]}" onto public org.springframework.http.ResponseEntity<java.util.Map<java.lang.String, java.lang.Object>> org.springframework.boot.autoconfigure.web.BasicErrorController.error(javax.servlet.http.HttpServletRequest)
2017-05-31 09:45:08.256  INFO 8251 --- [    Test worker] o.s.w.s.handler.SimpleUrlHandlerMapping  : Mapped URL path [/webjars/**] onto handler of type [class org.springframework.web.servlet.resource.ResourceHttpRequestHandler]
2017-05-31 09:45:08.256  INFO 8251 --- [    Test worker] o.s.w.s.handler.SimpleUrlHandlerMapping  : Mapped URL path [/**] onto handler of type [class org.springframework.web.servlet.resource.ResourceHttpRequestHandler]
2017-05-31 09:45:08.301  INFO 8251 --- [    Test worker] o.s.w.s.handler.SimpleUrlHandlerMapping  : Mapped URL path [/**/favicon.ico] onto handler of type [class org.springframework.web.servlet.resource.ResourceHttpRequestHandler]
2017-05-31 09:45:08.576  INFO 8251 --- [    Test worker] o.s.b.a.e.mvc.EndpointHandlerMapping     : Mapped "{[/beans || /beans.json],methods=[GET],produces=[application/vnd.spring-boot.actuator.v1+json || application/json]}" onto public java.lang.Object org.springframework.boot.actuate.endpoint.mvc.EndpointMvcAdapter.invoke()
2017-05-31 09:45:08.577  INFO 8251 --- [    Test worker] o.s.b.a.e.mvc.EndpointHandlerMapping     : Mapped "{[/info || /info.json],methods=[GET],produces=[application/vnd.spring-boot.actuator.v1+json || application/json]}" onto public java.lang.Object org.springframework.boot.actuate.endpoint.mvc.EndpointMvcAdapter.invoke()
2017-05-31 09:45:08.578  INFO 8251 --- [    Test worker] o.s.b.a.e.mvc.EndpointHandlerMapping     : Mapped "{[/autoconfig || /autoconfig.json],methods=[GET],produces=[application/vnd.spring-boot.actuator.v1+json || application/json]}" onto public java.lang.Object org.springframework.boot.actuate.endpoint.mvc.EndpointMvcAdapter.invoke()
2017-05-31 09:45:08.578  INFO 8251 --- [    Test worker] o.s.b.a.e.mvc.EndpointHandlerMapping     : Mapped "{[/health || /health.json],methods=[GET],produces=[application/vnd.spring-boot.actuator.v1+json || application/json]}" onto public java.lang.Object org.springframework.boot.actuate.endpoint.mvc.HealthMvcEndpoint.invoke(javax.servlet.http.HttpServletRequest,java.security.Principal)
2017-05-31 09:45:08.579  INFO 8251 --- [    Test worker] o.s.b.a.e.mvc.EndpointHandlerMapping     : Mapped "{[/metrics/{name:.*}],methods=[GET],produces=[application/vnd.spring-boot.actuator.v1+json || application/json]}" onto public java.lang.Object org.springframework.boot.actuate.endpoint.mvc.MetricsMvcEndpoint.value(java.lang.String)
2017-05-31 09:45:08.579  INFO 8251 --- [    Test worker] o.s.b.a.e.mvc.EndpointHandlerMapping     : Mapped "{[/metrics || /metrics.json],methods=[GET],produces=[application/vnd.spring-boot.actuator.v1+json || application/json]}" onto public java.lang.Object org.springframework.boot.actuate.endpoint.mvc.EndpointMvcAdapter.invoke()
2017-05-31 09:45:08.580  INFO 8251 --- [    Test worker] o.s.b.a.e.mvc.EndpointHandlerMapping     : Mapped "{[/auditevents || /auditevents.json],methods=[GET],produces=[application/vnd.spring-boot.actuator.v1+json || application/json]}" onto public org.springframework.http.ResponseEntity<?> org.springframework.boot.actuate.endpoint.mvc.AuditEventsMvcEndpoint.findByPrincipalAndAfterAndType(java.lang.String,java.util.Date,java.lang.String)
2017-05-31 09:45:08.581  INFO 8251 --- [    Test worker] o.s.b.a.e.mvc.EndpointHandlerMapping     : Mapped "{[/env/{name:.*}],methods=[GET],produces=[application/vnd.spring-boot.actuator.v1+json || application/json]}" onto public java.lang.Object org.springframework.boot.actuate.endpoint.mvc.EnvironmentMvcEndpoint.value(java.lang.String)
2017-05-31 09:45:08.582  INFO 8251 --- [    Test worker] o.s.b.a.e.mvc.EndpointHandlerMapping     : Mapped "{[/env || /env.json],methods=[GET],produces=[application/vnd.spring-boot.actuator.v1+json || application/json]}" onto public java.lang.Object org.springframework.boot.actuate.endpoint.mvc.EndpointMvcAdapter.invoke()
2017-05-31 09:45:08.583  INFO 8251 --- [    Test worker] o.s.b.a.e.mvc.EndpointHandlerMapping     : Mapped "{[/dump || /dump.json],methods=[GET],produces=[application/vnd.spring-boot.actuator.v1+json || application/json]}" onto public java.lang.Object org.springframework.boot.actuate.endpoint.mvc.EndpointMvcAdapter.invoke()
2017-05-31 09:45:08.583  INFO 8251 --- [    Test worker] o.s.b.a.e.mvc.EndpointHandlerMapping     : Mapped "{[/heapdump || /heapdump.json],methods=[GET],produces=[application/octet-stream]}" onto public void org.springframework.boot.actuate.endpoint.mvc.HeapdumpMvcEndpoint.invoke(boolean,javax.servlet.http.HttpServletRequest,javax.servlet.http.HttpServletResponse) throws java.io.IOException,javax.servlet.ServletException
2017-05-31 09:45:08.585  INFO 8251 --- [    Test worker] o.s.b.a.e.mvc.EndpointHandlerMapping     : Mapped "{[/loggers/{name:.*}],methods=[GET],produces=[application/vnd.spring-boot.actuator.v1+json || application/json]}" onto public java.lang.Object org.springframework.boot.actuate.endpoint.mvc.LoggersMvcEndpoint.get(java.lang.String)
2017-05-31 09:45:08.585  INFO 8251 --- [    Test worker] o.s.b.a.e.mvc.EndpointHandlerMapping     : Mapped "{[/loggers/{name:.*}],methods=[POST],consumes=[application/vnd.spring-boot.actuator.v1+json || application/json],produces=[application/vnd.spring-boot.actuator.v1+json || application/json]}" onto public java.lang.Object org.springframework.boot.actuate.endpoint.mvc.LoggersMvcEndpoint.set(java.lang.String,java.util.Map<java.lang.String, java.lang.String>)
2017-05-31 09:45:08.585  INFO 8251 --- [    Test worker] o.s.b.a.e.mvc.EndpointHandlerMapping     : Mapped "{[/loggers || /loggers.json],methods=[GET],produces=[application/vnd.spring-boot.actuator.v1+json || application/json]}" onto public java.lang.Object org.springframework.boot.actuate.endpoint.mvc.EndpointMvcAdapter.invoke()
2017-05-31 09:45:08.586  INFO 8251 --- [    Test worker] o.s.b.a.e.mvc.EndpointHandlerMapping     : Mapped "{[/trace || /trace.json],methods=[GET],produces=[application/vnd.spring-boot.actuator.v1+json || application/json]}" onto public java.lang.Object org.springframework.boot.actuate.endpoint.mvc.EndpointMvcAdapter.invoke()
2017-05-31 09:45:08.586  INFO 8251 --- [    Test worker] o.s.b.a.e.mvc.EndpointHandlerMapping     : Mapped "{[/mappings || /mappings.json],methods=[GET],produces=[application/vnd.spring-boot.actuator.v1+json || application/json]}" onto public java.lang.Object org.springframework.boot.actuate.endpoint.mvc.EndpointMvcAdapter.invoke()
2017-05-31 09:45:08.587  INFO 8251 --- [    Test worker] o.s.b.a.e.mvc.EndpointHandlerMapping     : Mapped "{[/configprops || /configprops.json],methods=[GET],produces=[application/vnd.spring-boot.actuator.v1+json || application/json]}" onto public java.lang.Object org.springframework.boot.actuate.endpoint.mvc.EndpointMvcAdapter.invoke()
2017-05-31 09:45:08.787  INFO 8251 --- [    Test worker] s.b.c.e.t.TomcatEmbeddedServletContainer : Tomcat started on port(s): 39278 (http)
2017-05-31 09:45:08.872  INFO 8251 --- [    Test worker] o.h.h.i.QueryTranslatorFactoryInitiator  : HHH000397: Using ASTQueryTranslatorFactory
2017-05-31 09:45:09.046  INFO 8251 --- [    Test worker] com.bebo.shopmanager.ShopmanagerRestApi  : Customers found with findAll():
2017-05-31 09:45:09.047  INFO 8251 --- [    Test worker] com.bebo.shopmanager.ShopmanagerRestApi  : -------------------------------
2017-05-31 09:45:09.054  INFO 8251 --- [    Test worker] com.bebo.shopmanager.ShopmanagerRestApi  : Manager [id=1, firstName=Abhishek, lastName=Kumar, username=abhishek]
2017-05-31 09:45:09.054  INFO 8251 --- [    Test worker] com.bebo.shopmanager.ShopmanagerRestApi  : Manager [id=2, firstName=Satinder, lastName=Sharma, username=satinder]
2017-05-31 09:45:09.054  INFO 8251 --- [    Test worker] com.bebo.shopmanager.ShopmanagerRestApi  : Manager [id=3, firstName=Dixit, lastName=Soni, username=dixit]
2017-05-31 09:45:09.054  INFO 8251 --- [    Test worker] com.bebo.shopmanager.ShopmanagerRestApi  : Manager [id=4, firstName=Vivek, lastName=Gautam, username=vivek]
2017-05-31 09:45:09.054  INFO 8251 --- [    Test worker] com.bebo.shopmanager.ShopmanagerRestApi  : Manager [id=5, firstName=Michelle, lastName=Dessler, username=michelle]
2017-05-31 09:45:09.054  INFO 8251 --- [    Test worker] com.bebo.shopmanager.ShopmanagerRestApi  : 
2017-05-31 09:45:09.063  INFO 8251 --- [    Test worker] com.bebo.shopmanager.ShopmanagerRestApi  : Customer found with findOne(1L):
2017-05-31 09:45:09.063  INFO 8251 --- [    Test worker] com.bebo.shopmanager.ShopmanagerRestApi  : --------------------------------
2017-05-31 09:45:09.063  INFO 8251 --- [    Test worker] com.bebo.shopmanager.ShopmanagerRestApi  : Manager [id=1, firstName=Abhishek, lastName=Kumar, username=abhishek]
2017-05-31 09:45:09.063  INFO 8251 --- [    Test worker] com.bebo.shopmanager.ShopmanagerRestApi  : 
2017-05-31 09:45:09.063  INFO 8251 --- [    Test worker] com.bebo.shopmanager.ShopmanagerRestApi  : Customer found with findByLastName('Bauer'):
2017-05-31 09:45:09.063  INFO 8251 --- [    Test worker] com.bebo.shopmanager.ShopmanagerRestApi  : --------------------------------------------
2017-05-31 09:45:09.070  INFO 8251 --- [    Test worker] com.bebo.shopmanager.ShopmanagerRestApi  : 
2017-05-31 09:45:09.070  INFO 8251 --- [    Test worker] com.bebo.shopmanager.ShopmanagerRestApi  : Shop found with findAll():
2017-05-31 09:45:09.070  INFO 8251 --- [    Test worker] com.bebo.shopmanager.ShopmanagerRestApi  : --------------------------------------------
2017-05-31 09:45:09.077  INFO 8251 --- [    Test worker] com.bebo.shopmanager.ShopmanagerRestApi  : Shop [id=1, shopName=YWC, country=India, postcode=160062, latitude=30.743624, longitude=76.785689, manager=Manager [id=1, firstName=Abhishek, lastName=Kumar, username=abhishek], version=0]
2017-05-31 09:45:09.077  INFO 8251 --- [    Test worker] com.bebo.shopmanager.ShopmanagerRestApi  : Shop [id=2, shopName=BN Bakers, country=India, postcode=160017, latitude=30.691840, longitude=76.728441, manager=Manager [id=1, firstName=Abhishek, lastName=Kumar, username=abhishek], version=0]
2017-05-31 09:45:09.077  INFO 8251 --- [    Test worker] com.bebo.shopmanager.ShopmanagerRestApi  : Shop [id=3, shopName=Reliance Store, country=India, postcode=160026, latitude=30.723288, longitude=76.811061, manager=Manager [id=1, firstName=Abhishek, lastName=Kumar, username=abhishek], version=0]
2017-05-31 09:45:09.077  INFO 8251 --- [    Test worker] com.bebo.shopmanager.ShopmanagerRestApi  : Shop [id=4, shopName=Patanjali, country=India, postcode=160055, latitude=30.733037, longitude=76.689372, manager=Manager [id=1, firstName=Abhishek, lastName=Kumar, username=abhishek], version=0]
2017-05-31 09:45:09.077  INFO 8251 --- [    Test worker] com.bebo.shopmanager.ShopmanagerRestApi  : 
2017-05-31 09:45:09.080  INFO 8251 --- [    Test worker] com.bebo.shopmanager.HttpRequestTest     : Started HttpRequestTest in 5.46 seconds (JVM running for 6.332)
]]></system-out>
  <system-err><![CDATA[]]></system-err>
</testsuite>
